

================================================================
== Vitis HLS Report for 'Filter_horizontal_HW'
================================================================
* Date:           Wed Oct 25 22:07:24 2023

* Version:        2020.2 (Build 3064766 on Wed Nov 18 09:12:47 MST 2020)
* Project:        ESE5320_HW7
* Solution:       solution1 (Vitis Kernel Flow Target)
* Product family: zynquplus
* Target device:  xczu3eg-sbva484-1-i


================================================================
== Performance Estimates
================================================================
+ Timing: 
    * Summary: 
    +--------+---------+----------+------------+
    |  Clock |  Target | Estimated| Uncertainty|
    +--------+---------+----------+------------+
    |ap_clk  |  6.67 ns|  3.770 ns|     1.80 ns|
    +--------+---------+----------+------------+

+ Latency: 
    * Summary: 
    +---------+---------+----------+----------+--------+--------+---------+
    |  Latency (cycles) |  Latency (absolute) |     Interval    | Pipeline|
    |   min   |   max   |    min   |    max   |   min  |   max  |   Type  |
    +---------+---------+----------+----------+--------+--------+---------+
    |   130951|   130951|  0.873 ms|  0.873 ms|  130951|  130951|     none|
    +---------+---------+----------+----------+--------+--------+---------+

    + Detail: 
        * Instance: 
        N/A

        * Loop: 
        +--------------------+---------+---------+----------+-----------+-----------+------+----------+
        |                    |  Latency (cycles) | Iteration|  Initiation Interval  | Trip |          |
        |      Loop Name     |   min   |   max   |  Latency |  achieved |   target  | Count| Pipelined|
        +--------------------+---------+---------+----------+-----------+-----------+------+----------+
        |- VITIS_LOOP_31_1   |   130950|   130950|       485|          -|          -|   270|        no|
        | + VITIS_LOOP_40_2  |      477|      477|         5|          1|          1|   474|       yes|
        +--------------------+---------+---------+----------+-----------+-----------+------+----------+

============================================================
+ Verbose Summary: Synthesis Manager
============================================================
InlineROM: 1
ExposeGlobal: 0
============================================================
+ Verbose Summary: CDFG Model
============================================================
IsTopModel: 0
ResetActiveHigh: 1
IsCombinational: 2
IsDatapathOnly: 0
HasWiredReturn: 1
HasMFsm: 0
HasVarLatency: 1
IsPipeline: 0
IsRtlPipelined: 0
IsInstanceOverlapped: 0
IsDontTouch: 0
HasImplIP: 0
IsGatedGlobalClock: 0

+ Individual pipeline summary: 
  * Pipeline-0: initiation interval (II) = 1, depth = 5


============================================================
+ Verbose Summary: Schedule
============================================================
* Number of FSM states : 13
* Pipeline : 1
  Pipeline-0 : II = 1, D = 5, States = { 8 9 10 11 12 }
* Dataflow Pipeline: 0

* FSM state transitions: 
1 --> 2 
2 --> 3 
3 --> 4 
4 --> 5 
5 --> 6 
6 --> 7 
7 --> 8 
8 --> 9 
9 --> 10 
10 --> 11 
11 --> 13 12 
12 --> 8 
13 --> 2 

* FSM state operations: 

State 1 <SV = 0> <Delay = 0.48>
ST_1 : Operation 14 [1/1] (0.00ns)   --->   "%specinterface_ln0 = specinterface void @_ssdm_op_SpecInterface, i8 %TempStream, void @empty, i32 0, i32 0, void @empty_6, i32 0, i32 0, void @empty_6, void @empty_6, void @empty_6, i32 0, i32 0, i32 0, i32 0, void @empty_6, void @empty_6"   --->   Operation 14 'specinterface' 'specinterface_ln0' <Predicate = true> <Delay = 0.00>
ST_1 : Operation 15 [1/1] (0.00ns)   --->   "%specinterface_ln0 = specinterface void @_ssdm_op_SpecInterface, i8 %TempStream, void @empty, i32 0, i32 0, void @empty_6, i32 0, i32 0, void @empty_6, void @empty_6, void @empty_6, i32 0, i32 0, i32 0, i32 0, void @empty_6, void @empty_6"   --->   Operation 15 'specinterface' 'specinterface_ln0' <Predicate = true> <Delay = 0.00>
ST_1 : Operation 16 [1/1] (0.00ns)   --->   "%specinterface_ln0 = specinterface void @_ssdm_op_SpecInterface, i8 %TempStream, void @empty, i32 0, i32 0, void @empty_6, i32 0, i32 0, void @empty_6, void @empty_6, void @empty_6, i32 0, i32 0, i32 0, i32 0, void @empty_6, void @empty_6"   --->   Operation 16 'specinterface' 'specinterface_ln0' <Predicate = true> <Delay = 0.00>
ST_1 : Operation 17 [1/1] (0.00ns)   --->   "%specinterface_ln0 = specinterface void @_ssdm_op_SpecInterface, i8 %inStream, void @empty, i32 0, i32 0, void @empty_6, i32 0, i32 0, void @empty_6, void @empty_6, void @empty_6, i32 0, i32 0, i32 0, i32 0, void @empty_6, void @empty_6"   --->   Operation 17 'specinterface' 'specinterface_ln0' <Predicate = true> <Delay = 0.00>
ST_1 : Operation 18 [1/1] (0.00ns)   --->   "%specinterface_ln0 = specinterface void @_ssdm_op_SpecInterface, i8 %inStream, void @empty, i32 0, i32 0, void @empty_6, i32 0, i32 0, void @empty_6, void @empty_6, void @empty_6, i32 0, i32 0, i32 0, i32 0, void @empty_6, void @empty_6"   --->   Operation 18 'specinterface' 'specinterface_ln0' <Predicate = true> <Delay = 0.00>
ST_1 : Operation 19 [1/1] (0.00ns)   --->   "%specinterface_ln0 = specinterface void @_ssdm_op_SpecInterface, i8 %inStream, void @empty, i32 0, i32 0, void @empty_6, i32 0, i32 0, void @empty_6, void @empty_6, void @empty_6, i32 0, i32 0, i32 0, i32 0, void @empty_6, void @empty_6"   --->   Operation 19 'specinterface' 'specinterface_ln0' <Predicate = true> <Delay = 0.00>
ST_1 : Operation 20 [1/1] (0.00ns)   --->   "%specinterface_ln0 = specinterface void @_ssdm_op_SpecInterface, i8 %TempStream, void @empty, i32 0, i32 0, void @empty_6, i32 0, i32 0, void @empty_6, void @empty_6, void @empty_6, i32 0, i32 0, i32 0, i32 0, void @empty_6, void @empty_6"   --->   Operation 20 'specinterface' 'specinterface_ln0' <Predicate = true> <Delay = 0.00>
ST_1 : Operation 21 [1/1] (0.00ns)   --->   "%specinterface_ln0 = specinterface void @_ssdm_op_SpecInterface, i8 %inStream, void @empty, i32 0, i32 0, void @empty_6, i32 0, i32 0, void @empty_6, void @empty_6, void @empty_6, i32 0, i32 0, i32 0, i32 0, void @empty_6, void @empty_6"   --->   Operation 21 'specinterface' 'specinterface_ln0' <Predicate = true> <Delay = 0.00>
ST_1 : Operation 22 [1/1] (0.48ns)   --->   "%br_ln31 = br void" [Filter.cpp:31]   --->   Operation 22 'br' 'br_ln31' <Predicate = true> <Delay = 0.48>

State 2 <SV = 1> <Delay = 2.79>
ST_2 : Operation 23 [1/1] (0.00ns)   --->   "%Y = phi i9 0, void %entry, i9 %Y_3, void"   --->   Operation 23 'phi' 'Y' <Predicate = true> <Delay = 0.00>
ST_2 : Operation 24 [1/1] (0.92ns)   --->   "%Y_3 = add i9 %Y, i9 1" [Filter.cpp:31]   --->   Operation 24 'add' 'Y_3' <Predicate = true> <Delay = 0.92> <CoreInst = "Adder">   --->   Core 1 'Adder' <Latency = 0> <II = 1> <Delay = 0.92> <FuncUnit> <Opcode : 'add' 'sub'> <InPorts = 2> <OutPorts = 1>
ST_2 : Operation 25 [1/1] (0.85ns)   --->   "%icmp_ln31 = icmp_eq  i9 %Y, i9 270" [Filter.cpp:31]   --->   Operation 25 'icmp' 'icmp_ln31' <Predicate = true> <Delay = 0.85> <CoreInst = "Cmp">   --->   Core 9 'Cmp' <Latency = 0> <II = 1> <Delay = 0.85> <FuncUnit> <Opcode : 'icmp'> <InPorts = 2> <OutPorts = 1>
ST_2 : Operation 26 [1/1] (0.00ns)   --->   "%empty = speclooptripcount i32 @_ssdm_op_SpecLoopTripCount, i64 270, i64 270, i64 270"   --->   Operation 26 'speclooptripcount' 'empty' <Predicate = true> <Delay = 0.00>
ST_2 : Operation 27 [1/1] (0.00ns)   --->   "%br_ln31 = br i1 %icmp_ln31, void %.split4.i, void %Filter_horizontal_HW.exit" [Filter.cpp:31]   --->   Operation 27 'br' 'br_ln31' <Predicate = true> <Delay = 0.00>
ST_2 : Operation 28 [1/1] (1.93ns)   --->   "%tmp = read i8 @_ssdm_op_Read.ap_fifo.volatile.i8P0A, i8 %inStream" [/mnt/pollux/software/xilinx/2020.2/Vitis_HLS/2020.2/common/technology/autopilot/hls_stream_39.h:145]   --->   Operation 28 'read' 'tmp' <Predicate = (!icmp_ln31)> <Delay = 1.93> <CoreInst = "FIFO_SRL">   --->   Core 81 'FIFO_SRL' <Latency = 0> <II = 1> <Delay = 1.93> <Storage> <Opcode : 'read' 'write' 'nbread' 'nbwrite'> <Ports = 0> <Width = 8> <Depth = 32> <FIFO>
ST_2 : Operation 29 [1/1] (0.00ns)   --->   "%ret_ln0 = ret"   --->   Operation 29 'ret' 'ret_ln0' <Predicate = (icmp_ln31)> <Delay = 0.00>

State 3 <SV = 2> <Delay = 1.93>
ST_3 : Operation 30 [1/1] (1.93ns)   --->   "%tmp_2 = read i8 @_ssdm_op_Read.ap_fifo.volatile.i8P0A, i8 %inStream" [/mnt/pollux/software/xilinx/2020.2/Vitis_HLS/2020.2/common/technology/autopilot/hls_stream_39.h:145]   --->   Operation 30 'read' 'tmp_2' <Predicate = true> <Delay = 1.93> <CoreInst = "FIFO_SRL">   --->   Core 81 'FIFO_SRL' <Latency = 0> <II = 1> <Delay = 1.93> <Storage> <Opcode : 'read' 'write' 'nbread' 'nbwrite'> <Ports = 0> <Width = 8> <Depth = 32> <FIFO>

State 4 <SV = 3> <Delay = 1.93>
ST_4 : Operation 31 [1/1] (1.93ns)   --->   "%tmp_3 = read i8 @_ssdm_op_Read.ap_fifo.volatile.i8P0A, i8 %inStream" [/mnt/pollux/software/xilinx/2020.2/Vitis_HLS/2020.2/common/technology/autopilot/hls_stream_39.h:145]   --->   Operation 31 'read' 'tmp_3' <Predicate = true> <Delay = 1.93> <CoreInst = "FIFO_SRL">   --->   Core 81 'FIFO_SRL' <Latency = 0> <II = 1> <Delay = 1.93> <Storage> <Opcode : 'read' 'write' 'nbread' 'nbwrite'> <Ports = 0> <Width = 8> <Depth = 32> <FIFO>

State 5 <SV = 4> <Delay = 1.93>
ST_5 : Operation 32 [1/1] (1.93ns)   --->   "%tmp_4 = read i8 @_ssdm_op_Read.ap_fifo.volatile.i8P0A, i8 %inStream" [/mnt/pollux/software/xilinx/2020.2/Vitis_HLS/2020.2/common/technology/autopilot/hls_stream_39.h:145]   --->   Operation 32 'read' 'tmp_4' <Predicate = true> <Delay = 1.93> <CoreInst = "FIFO_SRL">   --->   Core 81 'FIFO_SRL' <Latency = 0> <II = 1> <Delay = 1.93> <Storage> <Opcode : 'read' 'write' 'nbread' 'nbwrite'> <Ports = 0> <Width = 8> <Depth = 32> <FIFO>

State 6 <SV = 5> <Delay = 1.93>
ST_6 : Operation 33 [1/1] (1.93ns)   --->   "%tmp_5 = read i8 @_ssdm_op_Read.ap_fifo.volatile.i8P0A, i8 %inStream" [/mnt/pollux/software/xilinx/2020.2/Vitis_HLS/2020.2/common/technology/autopilot/hls_stream_39.h:145]   --->   Operation 33 'read' 'tmp_5' <Predicate = true> <Delay = 1.93> <CoreInst = "FIFO_SRL">   --->   Core 81 'FIFO_SRL' <Latency = 0> <II = 1> <Delay = 1.93> <Storage> <Opcode : 'read' 'write' 'nbread' 'nbwrite'> <Ports = 0> <Width = 8> <Depth = 32> <FIFO>

State 7 <SV = 6> <Delay = 1.93>
ST_7 : Operation 34 [1/1] (0.00ns)   --->   "%specloopname_ln0 = specloopname void @_ssdm_op_SpecLoopName, void @empty_8" [/mnt/pollux/software/xilinx/2020.2/Vitis_HLS/2020.2/common/technology/autopilot/hls_stream_39.h:0]   --->   Operation 34 'specloopname' 'specloopname_ln0' <Predicate = true> <Delay = 0.00>
ST_7 : Operation 35 [1/1] (1.93ns)   --->   "%tmp_6 = read i8 @_ssdm_op_Read.ap_fifo.volatile.i8P0A, i8 %inStream" [/mnt/pollux/software/xilinx/2020.2/Vitis_HLS/2020.2/common/technology/autopilot/hls_stream_39.h:145]   --->   Operation 35 'read' 'tmp_6' <Predicate = true> <Delay = 1.93> <CoreInst = "FIFO_SRL">   --->   Core 81 'FIFO_SRL' <Latency = 0> <II = 1> <Delay = 1.93> <Storage> <Opcode : 'read' 'write' 'nbread' 'nbwrite'> <Ports = 0> <Width = 8> <Depth = 32> <FIFO>
ST_7 : Operation 36 [1/1] (0.48ns)   --->   "%br_ln40 = br void" [Filter.cpp:40]   --->   Operation 36 'br' 'br_ln40' <Predicate = true> <Delay = 0.48>

State 8 <SV = 7> <Delay = 0.92>
ST_8 : Operation 37 [1/1] (0.00ns)   --->   "%X = phi i9 0, void %.split4.i, i9 %X_2, void %.split2.i"   --->   Operation 37 'phi' 'X' <Predicate = true> <Delay = 0.00>
ST_8 : Operation 38 [1/1] (0.92ns)   --->   "%X_2 = add i9 %X, i9 1" [Filter.cpp:40]   --->   Operation 38 'add' 'X_2' <Predicate = true> <Delay = 0.92> <CoreInst = "Adder">   --->   Core 1 'Adder' <Latency = 0> <II = 1> <Delay = 0.92> <FuncUnit> <Opcode : 'add' 'sub'> <InPorts = 2> <OutPorts = 1>
ST_8 : Operation 39 [1/1] (0.85ns)   --->   "%icmp_ln40 = icmp_eq  i9 %X, i9 474" [Filter.cpp:40]   --->   Operation 39 'icmp' 'icmp_ln40' <Predicate = true> <Delay = 0.85> <CoreInst = "Cmp">   --->   Core 9 'Cmp' <Latency = 0> <II = 1> <Delay = 0.85> <FuncUnit> <Opcode : 'icmp'> <InPorts = 2> <OutPorts = 1>
ST_8 : Operation 40 [1/1] (0.00ns)   --->   "%br_ln40 = br i1 %icmp_ln40, void %.split2.i, void" [Filter.cpp:40]   --->   Operation 40 'br' 'br_ln40' <Predicate = true> <Delay = 0.00>

State 9 <SV = 8> <Delay = 1.93>
ST_9 : Operation 41 [1/1] (0.00ns)   --->   "%input_buffer_4_1 = phi i8 %tmp_6, void %.split4.i, i8 %tmp_7, void %.split2.i"   --->   Operation 41 'phi' 'input_buffer_4_1' <Predicate = true> <Delay = 0.00>
ST_9 : Operation 42 [1/1] (0.00ns)   --->   "%input_buffer_3_1 = phi i8 %tmp_5, void %.split4.i, i8 %input_buffer_4_1, void %.split2.i"   --->   Operation 42 'phi' 'input_buffer_3_1' <Predicate = true> <Delay = 0.00>
ST_9 : Operation 43 [1/1] (0.00ns)   --->   "%input_buffer_2_1 = phi i8 %tmp_4, void %.split4.i, i8 %input_buffer_3_1, void %.split2.i"   --->   Operation 43 'phi' 'input_buffer_2_1' <Predicate = true> <Delay = 0.00>
ST_9 : Operation 44 [1/1] (1.93ns)   --->   "%tmp_7 = read i8 @_ssdm_op_Read.ap_fifo.volatile.i8P0A, i8 %inStream" [/mnt/pollux/software/xilinx/2020.2/Vitis_HLS/2020.2/common/technology/autopilot/hls_stream_39.h:145]   --->   Operation 44 'read' 'tmp_7' <Predicate = (!icmp_ln40)> <Delay = 1.93> <CoreInst = "FIFO_SRL">   --->   Core 81 'FIFO_SRL' <Latency = 0> <II = 1> <Delay = 1.93> <Storage> <Opcode : 'read' 'write' 'nbread' 'nbwrite'> <Ports = 0> <Width = 8> <Depth = 32> <FIFO>
ST_9 : Operation 45 [1/1] (0.00ns)   --->   "%zext_ln48_2 = zext i8 %input_buffer_2_1" [Filter.cpp:48]   --->   Operation 45 'zext' 'zext_ln48_2' <Predicate = (!icmp_ln40)> <Delay = 0.00>
ST_9 : Operation 46 [3/3] (1.08ns) (grouped into DSP with root node add_ln48)   --->   "%mul_ln48 = mul i15 %zext_ln48_2, i15 98" [Filter.cpp:48]   --->   Operation 46 'mul' 'mul_ln48' <Predicate = (!icmp_ln40)> <Delay = 1.08> <CoreInst = "DSP48">   --->   Core 127 'DSP48' <Latency = 3> <II = 1> <Delay = 0.69> <IPBlock> <Opcode : 'mul' 'add' 'sub' 'select'> <InPorts = 0> <OutPorts = 1> <Sync> <CReg>

State 10 <SV = 9> <Delay = 1.08>
ST_10 : Operation 47 [2/3] (1.08ns) (grouped into DSP with root node add_ln48)   --->   "%mul_ln48 = mul i15 %zext_ln48_2, i15 98" [Filter.cpp:48]   --->   Operation 47 'mul' 'mul_ln48' <Predicate = (!icmp_ln40)> <Delay = 1.08> <CoreInst = "DSP48">   --->   Core 127 'DSP48' <Latency = 3> <II = 1> <Delay = 0.69> <IPBlock> <Opcode : 'mul' 'add' 'sub' 'select'> <InPorts = 0> <OutPorts = 1> <Sync> <CReg>

State 11 <SV = 10> <Delay = 1.73>
ST_11 : Operation 48 [1/1] (0.00ns)   --->   "%input_buffer_1_1 = phi i8 %tmp_3, void %.split4.i, i8 %input_buffer_2_1, void %.split2.i"   --->   Operation 48 'phi' 'input_buffer_1_1' <Predicate = true> <Delay = 0.00>
ST_11 : Operation 49 [1/1] (0.00ns)   --->   "%input_buffer_0_1 = phi i8 %tmp_2, void %.split4.i, i8 %input_buffer_1_1, void %.split2.i"   --->   Operation 49 'phi' 'input_buffer_0_1' <Predicate = true> <Delay = 0.00>
ST_11 : Operation 50 [1/1] (0.00ns)   --->   "%input_buffer_0_0_i = phi i8 %tmp, void %.split4.i, i8 %input_buffer_0_1, void %.split2.i"   --->   Operation 50 'phi' 'input_buffer_0_0_i' <Predicate = true> <Delay = 0.00>
ST_11 : Operation 51 [1/1] (0.00ns)   --->   "%specpipeline_ln0 = specpipeline void @_ssdm_op_SpecPipeline, i32 4294967295, i32 0, i32 1, i32 0, void @p_str"   --->   Operation 51 'specpipeline' 'specpipeline_ln0' <Predicate = true> <Delay = 0.00>
ST_11 : Operation 52 [1/1] (0.00ns)   --->   "%empty_69 = speclooptripcount i32 @_ssdm_op_SpecLoopTripCount, i64 474, i64 474, i64 474"   --->   Operation 52 'speclooptripcount' 'empty_69' <Predicate = true> <Delay = 0.00>
ST_11 : Operation 53 [1/1] (0.00ns)   --->   "%zext_ln48 = zext i8 %input_buffer_0_1" [Filter.cpp:48]   --->   Operation 53 'zext' 'zext_ln48' <Predicate = (!icmp_ln40)> <Delay = 0.00>
ST_11 : Operation 54 [1/1] (0.00ns)   --->   "%zext_ln48_1 = zext i8 %input_buffer_1_1" [Filter.cpp:48]   --->   Operation 54 'zext' 'zext_ln48_1' <Predicate = (!icmp_ln40)> <Delay = 0.00>
ST_11 : Operation 55 [1/3] (0.00ns) (grouped into DSP with root node add_ln48)   --->   "%mul_ln48 = mul i15 %zext_ln48_2, i15 98" [Filter.cpp:48]   --->   Operation 55 'mul' 'mul_ln48' <Predicate = (!icmp_ln40)> <Delay = 0.00> <CoreInst = "DSP48">   --->   Core 127 'DSP48' <Latency = 3> <II = 1> <Delay = 0.69> <IPBlock> <Opcode : 'mul' 'add' 'sub' 'select'> <InPorts = 0> <OutPorts = 1> <Sync> <CReg>
ST_11 : Operation 56 [1/1] (0.00ns)   --->   "%zext_ln43 = zext i8 %input_buffer_3_1" [Filter.cpp:43]   --->   Operation 56 'zext' 'zext_ln43' <Predicate = (!icmp_ln40)> <Delay = 0.00>
ST_11 : Operation 57 [1/1] (0.00ns)   --->   "%zext_ln43_1 = zext i8 %input_buffer_4_1" [Filter.cpp:43]   --->   Operation 57 'zext' 'zext_ln43_1' <Predicate = (!icmp_ln40)> <Delay = 0.00>
ST_11 : Operation 58 [1/1] (0.90ns)   --->   "%tmp_i = add i9 %zext_ln43, i9 %zext_ln48_1" [Filter.cpp:43]   --->   Operation 58 'add' 'tmp_i' <Predicate = (!icmp_ln40)> <Delay = 0.90> <CoreInst = "Adder">   --->   Core 1 'Adder' <Latency = 0> <II = 1> <Delay = 0.92> <FuncUnit> <Opcode : 'add' 'sub'> <InPorts = 2> <OutPorts = 1>
ST_11 : Operation 59 [1/1] (0.90ns)   --->   "%tmp2_i = add i9 %zext_ln43_1, i9 %zext_ln48" [Filter.cpp:43]   --->   Operation 59 'add' 'tmp2_i' <Predicate = (!icmp_ln40)> <Delay = 0.90> <CoreInst = "Adder">   --->   Core 1 'Adder' <Latency = 0> <II = 1> <Delay = 0.92> <FuncUnit> <Opcode : 'add' 'sub'> <InPorts = 2> <OutPorts = 1>
ST_11 : Operation 60 [1/1] (0.00ns)   --->   "%tmp_16_cast_i = zext i8 %tmp_7" [/mnt/pollux/software/xilinx/2020.2/Vitis_HLS/2020.2/common/technology/autopilot/hls_stream_39.h:145]   --->   Operation 60 'zext' 'tmp_16_cast_i' <Predicate = (!icmp_ln40)> <Delay = 0.00>
ST_11 : Operation 61 [1/1] (0.00ns)   --->   "%input_buffer_0_0_cast_i = zext i8 %input_buffer_0_0_i" [/mnt/pollux/software/xilinx/2020.2/Vitis_HLS/2020.2/common/technology/autopilot/hls_stream_39.h:145]   --->   Operation 61 'zext' 'input_buffer_0_0_cast_i' <Predicate = (!icmp_ln40)> <Delay = 0.00>
ST_11 : Operation 62 [1/1] (0.90ns)   --->   "%tmp41_i = add i9 %input_buffer_0_0_cast_i, i9 %tmp_16_cast_i" [/mnt/pollux/software/xilinx/2020.2/Vitis_HLS/2020.2/common/technology/autopilot/hls_stream_39.h:145]   --->   Operation 62 'add' 'tmp41_i' <Predicate = (!icmp_ln40)> <Delay = 0.90> <CoreInst = "Adder">   --->   Core 1 'Adder' <Latency = 0> <II = 1> <Delay = 0.92> <FuncUnit> <Opcode : 'add' 'sub'> <InPorts = 2> <OutPorts = 1>
ST_11 : Operation 63 [1/1] (0.00ns)   --->   "%tmp5_i = bitconcatenate i10 @_ssdm_op_BitConcatenate.i10.i9.i1, i9 %tmp41_i, i1 0" [/mnt/pollux/software/xilinx/2020.2/Vitis_HLS/2020.2/common/technology/autopilot/hls_stream_39.h:145]   --->   Operation 63 'bitconcatenate' 'tmp5_i' <Predicate = (!icmp_ln40)> <Delay = 0.00>
ST_11 : Operation 64 [1/1] (0.00ns)   --->   "%zext_ln48_3 = zext i10 %tmp5_i" [Filter.cpp:48]   --->   Operation 64 'zext' 'zext_ln48_3' <Predicate = (!icmp_ln40)> <Delay = 0.00>
ST_11 : Operation 65 [2/2] (0.83ns) (root node of the DSP)   --->   "%add_ln48 = add i15 %mul_ln48, i15 %zext_ln48_3" [Filter.cpp:48]   --->   Operation 65 'add' 'add_ln48' <Predicate = (!icmp_ln40)> <Delay = 0.83> <CoreInst = "DSP48">   --->   Core 127 'DSP48' <Latency = 3> <II = 1> <Delay = 0.69> <IPBlock> <Opcode : 'mul' 'add' 'sub' 'select'> <InPorts = 0> <OutPorts = 1> <Sync> <CReg>

State 12 <SV = 11> <Delay = 3.77>
ST_12 : Operation 66 [1/1] (0.00ns)   --->   "%specloopname_ln0 = specloopname void @_ssdm_op_SpecLoopName, void @empty_0" [/mnt/pollux/software/xilinx/2020.2/Vitis_HLS/2020.2/common/technology/autopilot/hls_stream_39.h:0]   --->   Operation 66 'specloopname' 'specloopname_ln0' <Predicate = (!icmp_ln40)> <Delay = 0.00>
ST_12 : Operation 67 [1/1] (0.00ns)   --->   "%p_shl3_i = bitconcatenate i15 @_ssdm_op_BitConcatenate.i15.i9.i6, i9 %tmp_i, i6 0" [Filter.cpp:43]   --->   Operation 67 'bitconcatenate' 'p_shl3_i' <Predicate = (!icmp_ln40)> <Delay = 0.00>
ST_12 : Operation 68 [1/1] (0.00ns)   --->   "%p_shl3_cast_i = zext i15 %p_shl3_i" [Filter.cpp:43]   --->   Operation 68 'zext' 'p_shl3_cast_i' <Predicate = (!icmp_ln40)> <Delay = 0.00>
ST_12 : Operation 69 [1/1] (0.00ns)   --->   "%p_shl4_i = bitconcatenate i10 @_ssdm_op_BitConcatenate.i10.i9.i1, i9 %tmp_i, i1 0" [Filter.cpp:43]   --->   Operation 69 'bitconcatenate' 'p_shl4_i' <Predicate = (!icmp_ln40)> <Delay = 0.00>
ST_12 : Operation 70 [1/1] (0.00ns)   --->   "%p_shl4_cast_i = zext i10 %p_shl4_i" [Filter.cpp:43]   --->   Operation 70 'zext' 'p_shl4_cast_i' <Predicate = (!icmp_ln40)> <Delay = 0.00>
ST_12 : Operation 71 [1/1] (1.00ns)   --->   "%tmp1_i = sub i16 %p_shl3_cast_i, i16 %p_shl4_cast_i" [Filter.cpp:43]   --->   Operation 71 'sub' 'tmp1_i' <Predicate = (!icmp_ln40)> <Delay = 1.00> <CoreInst = "Adder">   --->   Core 1 'Adder' <Latency = 0> <II = 1> <Delay = 0.92> <FuncUnit> <Opcode : 'add' 'sub'> <InPorts = 2> <OutPorts = 1>
ST_12 : Operation 72 [1/1] (0.00ns)   --->   "%tmp2_cast13_i = zext i9 %tmp2_i" [Filter.cpp:43]   --->   Operation 72 'zext' 'tmp2_cast13_i' <Predicate = (!icmp_ln40)> <Delay = 0.00>
ST_12 : Operation 73 [1/1] (0.00ns)   --->   "%p_shl_i = bitconcatenate i13 @_ssdm_op_BitConcatenate.i13.i9.i4, i9 %tmp2_i, i4 0" [Filter.cpp:43]   --->   Operation 73 'bitconcatenate' 'p_shl_i' <Predicate = (!icmp_ln40)> <Delay = 0.00>
ST_12 : Operation 74 [1/1] (0.00ns)   --->   "%p_shl_cast_i = zext i13 %p_shl_i" [Filter.cpp:43]   --->   Operation 74 'zext' 'p_shl_cast_i' <Predicate = (!icmp_ln40)> <Delay = 0.00>
ST_12 : Operation 75 [1/1] (0.97ns)   --->   "%tmp3_i = sub i14 %p_shl_cast_i, i14 %tmp2_cast13_i" [Filter.cpp:43]   --->   Operation 75 'sub' 'tmp3_i' <Predicate = (!icmp_ln40)> <Delay = 0.97> <CoreInst = "Adder">   --->   Core 1 'Adder' <Latency = 0> <II = 1> <Delay = 0.92> <FuncUnit> <Opcode : 'add' 'sub'> <InPorts = 2> <OutPorts = 1>
ST_12 : Operation 76 [1/1] (0.00ns)   --->   "%tmp3_cast_i = sext i14 %tmp3_i" [Filter.cpp:43]   --->   Operation 76 'sext' 'tmp3_cast_i' <Predicate = (!icmp_ln40)> <Delay = 0.00>
ST_12 : Operation 77 [1/2] (0.83ns) (root node of the DSP)   --->   "%add_ln48 = add i15 %mul_ln48, i15 %zext_ln48_3" [Filter.cpp:48]   --->   Operation 77 'add' 'add_ln48' <Predicate = (!icmp_ln40)> <Delay = 0.83> <CoreInst = "DSP48">   --->   Core 127 'DSP48' <Latency = 3> <II = 1> <Delay = 0.69> <IPBlock> <Opcode : 'mul' 'add' 'sub' 'select'> <InPorts = 0> <OutPorts = 1> <Sync> <CReg>
ST_12 : Operation 78 [1/1] (0.00ns)   --->   "%zext_ln48_4 = zext i15 %add_ln48" [Filter.cpp:48]   --->   Operation 78 'zext' 'zext_ln48_4' <Predicate = (!icmp_ln40)> <Delay = 0.00>
ST_12 : Operation 79 [1/1] (0.00ns) (grouped into TernaryAdder)   --->   "%add_ln48_1 = add i16 %zext_ln48_4, i16 %tmp3_cast_i" [Filter.cpp:48]   --->   Operation 79 'add' 'add_ln48_1' <Predicate = (!icmp_ln40)> <Delay = 0.00> <CoreInst = "TAddSub">   --->   Core 10 'TAddSub' <Latency = 0> <II = 1> <Delay = 0.41> <IPBlock> <Opcode : 'add' 'sub'> <InPorts = 3> <OutPorts = 1> <Sync>
ST_12 : Operation 80 [1/1] (0.82ns) (root node of TernaryAdder)   --->   "%Sum = add i16 %add_ln48_1, i16 %tmp1_i" [Filter.cpp:48]   --->   Operation 80 'add' 'Sum' <Predicate = (!icmp_ln40)> <Delay = 0.82> <CoreInst = "TAddSub">   --->   Core 10 'TAddSub' <Latency = 0> <II = 1> <Delay = 0.41> <IPBlock> <Opcode : 'add' 'sub'> <InPorts = 3> <OutPorts = 1> <Sync>
ST_12 : Operation 81 [1/1] (0.00ns)   --->   "%trunc_ln = partselect i8 @_ssdm_op_PartSelect.i8.i16.i32.i32, i16 %Sum, i32 8, i32 15" [Filter.cpp:50]   --->   Operation 81 'partselect' 'trunc_ln' <Predicate = (!icmp_ln40)> <Delay = 0.00>
ST_12 : Operation 82 [1/1] (1.93ns)   --->   "%write_ln174 = write void @_ssdm_op_Write.ap_fifo.volatile.i8P0A, i8 %TempStream, i8 %trunc_ln" [/mnt/pollux/software/xilinx/2020.2/Vitis_HLS/2020.2/common/technology/autopilot/hls_stream_39.h:174]   --->   Operation 82 'write' 'write_ln174' <Predicate = (!icmp_ln40)> <Delay = 1.93> <CoreInst = "FIFO_SRL">   --->   Core 81 'FIFO_SRL' <Latency = 0> <II = 1> <Delay = 1.93> <Storage> <Opcode : 'read' 'write' 'nbread' 'nbwrite'> <Ports = 0> <Width = 8> <Depth = 32> <FIFO>
ST_12 : Operation 83 [1/1] (0.00ns)   --->   "%br_ln0 = br void"   --->   Operation 83 'br' 'br_ln0' <Predicate = (!icmp_ln40)> <Delay = 0.00>

State 13 <SV = 11> <Delay = 0.00>
ST_13 : Operation 84 [1/1] (0.00ns)   --->   "%br_ln0 = br void"   --->   Operation 84 'br' 'br_ln0' <Predicate = true> <Delay = 0.00>


============================================================
+ Verbose Summary: Timing violations
============================================================
Target clock period: 6.67ns, clock uncertainty: 1.8ns.

 <State 1>: 0.489ns
The critical path consists of the following:
	multiplexor before 'phi' operation ('Y') with incoming values : ('Y', Filter.cpp:31) [14]  (0.489 ns)

 <State 2>: 2.8ns
The critical path consists of the following:
	fifo read on port 'inStream' (/mnt/pollux/software/xilinx/2020.2/Vitis_HLS/2020.2/common/technology/autopilot/hls_stream_39.h:145) [21]  (1.94 ns)
	blocking operation 0.857 ns on control path)

 <State 3>: 1.94ns
The critical path consists of the following:
	fifo read on port 'inStream' (/mnt/pollux/software/xilinx/2020.2/Vitis_HLS/2020.2/common/technology/autopilot/hls_stream_39.h:145) [22]  (1.94 ns)

 <State 4>: 1.94ns
The critical path consists of the following:
	fifo read on port 'inStream' (/mnt/pollux/software/xilinx/2020.2/Vitis_HLS/2020.2/common/technology/autopilot/hls_stream_39.h:145) [23]  (1.94 ns)

 <State 5>: 1.94ns
The critical path consists of the following:
	fifo read on port 'inStream' (/mnt/pollux/software/xilinx/2020.2/Vitis_HLS/2020.2/common/technology/autopilot/hls_stream_39.h:145) [24]  (1.94 ns)

 <State 6>: 1.94ns
The critical path consists of the following:
	fifo read on port 'inStream' (/mnt/pollux/software/xilinx/2020.2/Vitis_HLS/2020.2/common/technology/autopilot/hls_stream_39.h:145) [25]  (1.94 ns)

 <State 7>: 1.94ns
The critical path consists of the following:
	fifo read on port 'inStream' (/mnt/pollux/software/xilinx/2020.2/Vitis_HLS/2020.2/common/technology/autopilot/hls_stream_39.h:145) [26]  (1.94 ns)

 <State 8>: 0.921ns
The critical path consists of the following:
	'phi' operation ('X') with incoming values : ('X', Filter.cpp:40) [35]  (0 ns)
	'add' operation ('X', Filter.cpp:40) [36]  (0.921 ns)

 <State 9>: 1.94ns
The critical path consists of the following:
	fifo read on port 'inStream' (/mnt/pollux/software/xilinx/2020.2/Vitis_HLS/2020.2/common/technology/autopilot/hls_stream_39.h:145) [43]  (1.94 ns)

 <State 10>: 1.09ns
The critical path consists of the following:
	'mul' operation of DSP[67] ('mul_ln48', Filter.cpp:48) [47]  (1.09 ns)

 <State 11>: 1.74ns
The critical path consists of the following:
	'phi' operation ('input_buffer[0]') with incoming values : ('tmp', /mnt/pollux/software/xilinx/2020.2/Vitis_HLS/2020.2/common/technology/autopilot/hls_stream_39.h:145) [34]  (0 ns)
	'add' operation ('tmp41_i', /mnt/pollux/software/xilinx/2020.2/Vitis_HLS/2020.2/common/technology/autopilot/hls_stream_39.h:145) [64]  (0.907 ns)
	'add' operation of DSP[67] ('add_ln48', Filter.cpp:48) [67]  (0.831 ns)

 <State 12>: 3.77ns
The critical path consists of the following:
	'sub' operation ('tmp1_i', Filter.cpp:43) [55]  (1 ns)
	'add' operation ('Sum', Filter.cpp:48) [70]  (0.829 ns)
	fifo write on port 'TempStream' (/mnt/pollux/software/xilinx/2020.2/Vitis_HLS/2020.2/common/technology/autopilot/hls_stream_39.h:174) [72]  (1.94 ns)

 <State 13>: 0ns
The critical path consists of the following:


============================================================
+ Verbose Summary: Binding
============================================================
N/A
* FSMD analyzer results:
  - Output states:
 - Input state : 
  - Chain level:
	State 1
	State 2
	State 3
	State 4
	State 5
	State 6
	State 7
	State 8
	State 9
	State 10
	State 11
	State 12
	State 13


============================================================
+ Verbose Summary: Datapath Resource usage 
============================================================
N/A
