

================================================================
== Vitis HLS Report for 'Filter_horizontal_HW'
================================================================
* Date:           Wed Oct 25 22:07:26 2023

* Version:        2020.2 (Build 3064766 on Wed Nov 18 09:12:47 MST 2020)
* Project:        ESE5320_HW7
* Solution:       solution1 (Vitis Kernel Flow Target)
* Product family: zynquplus
* Target device:  xczu3eg-sbva484-1-i


================================================================
== Performance Estimates
================================================================
+ Timing: 
    * Summary: 
    +--------+---------+----------+------------+
    |  Clock |  Target | Estimated| Uncertainty|
    +--------+---------+----------+------------+
    |ap_clk  |  6.67 ns|  3.770 ns|     1.80 ns|
    +--------+---------+----------+------------+

+ Latency: 
    * Summary: 
    +---------+---------+----------+----------+--------+--------+---------+
    |  Latency (cycles) |  Latency (absolute) |     Interval    | Pipeline|
    |   min   |   max   |    min   |    max   |   min  |   max  |   Type  |
    +---------+---------+----------+----------+--------+--------+---------+
    |   130951|   130951|  0.873 ms|  0.873 ms|  130951|  130951|     none|
    +---------+---------+----------+----------+--------+--------+---------+

    + Detail: 
        * Instance: 
        N/A

        * Loop: 
        +--------------------+---------+---------+----------+-----------+-----------+------+----------+
        |                    |  Latency (cycles) | Iteration|  Initiation Interval  | Trip |          |
        |      Loop Name     |   min   |   max   |  Latency |  achieved |   target  | Count| Pipelined|
        +--------------------+---------+---------+----------+-----------+-----------+------+----------+
        |- VITIS_LOOP_31_1   |   130950|   130950|       485|          -|          -|   270|        no|
        | + VITIS_LOOP_40_2  |      477|      477|         5|          1|          1|   474|       yes|
        +--------------------+---------+---------+----------+-----------+-----------+------+----------+



================================================================
== Utilization Estimates
================================================================
* Summary: 
+-----------------+---------+-----+--------+-------+-----+
|       Name      | BRAM_18K| DSP |   FF   |  LUT  | URAM|
+-----------------+---------+-----+--------+-------+-----+
|DSP              |        -|    1|       -|      -|    -|
|Expression       |        -|    -|       0|    190|    -|
|FIFO             |        -|    -|       -|      -|    -|
|Instance         |        -|    -|       -|      -|    -|
|Memory           |        -|    -|       -|      -|    -|
|Multiplexer      |        -|    -|       -|    221|    -|
|Register         |        -|    -|     310|     64|    -|
+-----------------+---------+-----+--------+-------+-----+
|Total            |        0|    1|     310|    475|    0|
+-----------------+---------+-----+--------+-------+-----+
|Available        |      432|  360|  141120|  70560|    0|
+-----------------+---------+-----+--------+-------+-----+
|Utilization (%)  |        0|   ~0|      ~0|     ~0|    0|
+-----------------+---------+-----+--------+-------+-----+

+ Detail: 
    * Instance: 
    N/A

    * DSP: 
    +------------------------------------+--------------------------------+--------------+
    |              Instance              |             Module             |  Expression  |
    +------------------------------------+--------------------------------+--------------+
    |mac_muladd_8ns_8ns_10ns_15_4_1_U10  |mac_muladd_8ns_8ns_10ns_15_4_1  |  i0 * i1 + i2|
    +------------------------------------+--------------------------------+--------------+

    * Memory: 
    N/A

    * FIFO: 
    N/A

    * Expression: 
    +-----------------------------------+----------+----+---+----+------------+------------+
    |           Variable Name           | Operation| DSP| FF| LUT| Bitwidth P0| Bitwidth P1|
    +-----------------------------------+----------+----+---+----+------------+------------+
    |Sum_fu_305_p2                      |         +|   0|  0|  16|          16|          16|
    |X_2_fu_175_p2                      |         +|   0|  0|  16|           9|           1|
    |Y_3_fu_163_p2                      |         +|   0|  0|  16|           9|           1|
    |add_ln48_1_fu_299_p2               |         +|   0|  0|  16|          16|          16|
    |tmp2_i_fu_213_p2                   |         +|   0|  0|  16|           9|           9|
    |tmp41_i_fu_226_p2                  |         +|   0|  0|  16|           9|           9|
    |tmp_i_fu_207_p2                    |         +|   0|  0|  16|           9|           9|
    |tmp1_i_fu_266_p2                   |         -|   0|  0|  23|          16|          16|
    |tmp3_i_fu_286_p2                   |         -|   0|  0|  21|          14|          14|
    |ap_block_state12_pp0_stage0_iter4  |       and|   0|  0|   2|           1|           1|
    |ap_block_state2                    |       and|   0|  0|   2|           1|           1|
    |ap_block_state9_pp0_stage0_iter1   |       and|   0|  0|   2|           1|           1|
    |icmp_ln31_fu_169_p2                |      icmp|   0|  0|  11|           9|           9|
    |icmp_ln40_fu_181_p2                |      icmp|   0|  0|  11|           9|           7|
    |ap_block_pp0_stage0_01001          |        or|   0|  0|   2|           1|           1|
    |ap_block_state1                    |        or|   0|  0|   2|           1|           1|
    |ap_enable_pp0                      |       xor|   0|  0|   2|           1|           2|
    +-----------------------------------+----------+----+---+----+------------+------------+
    |Total                              |          |   0|  0| 190|         131|         114|
    +-----------------------------------+----------+----+---+----+------------+------------+

    * Multiplexer: 
    +---------------------------------------------+----+-----------+-----+-----------+
    |                     Name                    | LUT| Input Size| Bits| Total Bits|
    +---------------------------------------------+----+-----------+-----+-----------+
    |TempStream_blk_n                             |   9|          2|    1|          2|
    |X_reg_88                                     |   9|          2|    9|         18|
    |Y_reg_77                                     |   9|          2|    9|         18|
    |ap_NS_fsm                                    |  54|         10|    1|         10|
    |ap_done                                      |   9|          2|    1|          2|
    |ap_enable_reg_pp0_iter3                      |   9|          2|    1|          2|
    |ap_enable_reg_pp0_iter4                      |  14|          3|    1|          3|
    |ap_phi_mux_input_buffer_0_0_i_phi_fu_156_p4  |   9|          2|    8|         16|
    |ap_phi_mux_input_buffer_0_1_phi_fu_145_p4    |   9|          2|    8|         16|
    |ap_phi_mux_input_buffer_1_1_phi_fu_134_p4    |   9|          2|    8|         16|
    |ap_phi_mux_input_buffer_2_1_phi_fu_123_p4    |   9|          2|    8|         16|
    |inStream_blk_n                               |   9|          2|    1|          2|
    |input_buffer_0_0_i_reg_153                   |   9|          2|    8|         16|
    |input_buffer_0_1_reg_142                     |   9|          2|    8|         16|
    |input_buffer_1_1_reg_131                     |   9|          2|    8|         16|
    |input_buffer_2_1_reg_120                     |   9|          2|    8|         16|
    |input_buffer_3_1_reg_109                     |   9|          2|    8|         16|
    |input_buffer_4_1_reg_99                      |   9|          2|    8|         16|
    |real_start                                   |   9|          2|    1|          2|
    +---------------------------------------------+----+-----------+-----+-----------+
    |Total                                        | 221|         47|  105|        219|
    +---------------------------------------------+----+-----------+-----+-----------+

    * Register: 
    +----------------------------------------+----+----+-----+-----------+
    |                  Name                  | FF | LUT| Bits| Const Bits|
    +----------------------------------------+----+----+-----+-----------+
    |X_reg_88                                |   9|   0|    9|          0|
    |Y_3_reg_331                             |   9|   0|    9|          0|
    |Y_reg_77                                |   9|   0|    9|          0|
    |ap_CS_fsm                               |   9|   0|    9|          0|
    |ap_done_reg                             |   1|   0|    1|          0|
    |ap_enable_reg_pp0_iter0                 |   1|   0|    1|          0|
    |ap_enable_reg_pp0_iter1                 |   1|   0|    1|          0|
    |ap_enable_reg_pp0_iter2                 |   1|   0|    1|          0|
    |ap_enable_reg_pp0_iter3                 |   1|   0|    1|          0|
    |ap_enable_reg_pp0_iter4                 |   1|   0|    1|          0|
    |icmp_ln40_reg_374                       |   1|   0|    1|          0|
    |input_buffer_0_0_i_reg_153              |   8|   0|    8|          0|
    |input_buffer_0_1_reg_142                |   8|   0|    8|          0|
    |input_buffer_1_1_reg_131                |   8|   0|    8|          0|
    |input_buffer_2_1_reg_120                |   8|   0|    8|          0|
    |input_buffer_3_1_reg_109                |   8|   0|    8|          0|
    |input_buffer_3_1_reg_109_pp0_iter2_reg  |   8|   0|    8|          0|
    |input_buffer_4_1_reg_99                 |   8|   0|    8|          0|
    |input_buffer_4_1_reg_99_pp0_iter2_reg   |   8|   0|    8|          0|
    |start_once_reg                          |   1|   0|    1|          0|
    |tmp2_i_reg_395                          |   9|   0|    9|          0|
    |tmp_2_reg_344                           |   8|   0|    8|          0|
    |tmp_3_reg_349                           |   8|   0|    8|          0|
    |tmp_4_reg_354                           |   8|   0|    8|          0|
    |tmp_5_reg_359                           |   8|   0|    8|          0|
    |tmp_7_reg_378                           |   8|   0|    8|          0|
    |tmp_7_reg_378_pp0_iter2_reg             |   8|   0|    8|          0|
    |tmp_i_reg_389                           |   9|   0|    9|          0|
    |tmp_reg_339                             |   8|   0|    8|          0|
    |icmp_ln40_reg_374                       |  64|  32|    1|          0|
    |input_buffer_2_1_reg_120                |  64|  32|    8|          0|
    +----------------------------------------+----+----+-----+-----------+
    |Total                                   | 310|  64|  191|          0|
    +----------------------------------------+----+----+-----+-----------+



================================================================
== Interface
================================================================
* Summary: 
+-------------------+-----+-----+------------+----------------------+--------------+
|     RTL Ports     | Dir | Bits|  Protocol  |     Source Object    |    C Type    |
+-------------------+-----+-----+------------+----------------------+--------------+
|ap_clk             |   in|    1|  ap_ctrl_hs|  Filter_horizontal_HW|  return value|
|ap_rst             |   in|    1|  ap_ctrl_hs|  Filter_horizontal_HW|  return value|
|ap_start           |   in|    1|  ap_ctrl_hs|  Filter_horizontal_HW|  return value|
|start_full_n       |   in|    1|  ap_ctrl_hs|  Filter_horizontal_HW|  return value|
|ap_done            |  out|    1|  ap_ctrl_hs|  Filter_horizontal_HW|  return value|
|ap_continue        |   in|    1|  ap_ctrl_hs|  Filter_horizontal_HW|  return value|
|ap_idle            |  out|    1|  ap_ctrl_hs|  Filter_horizontal_HW|  return value|
|ap_ready           |  out|    1|  ap_ctrl_hs|  Filter_horizontal_HW|  return value|
|start_out          |  out|    1|  ap_ctrl_hs|  Filter_horizontal_HW|  return value|
|start_write        |  out|    1|  ap_ctrl_hs|  Filter_horizontal_HW|  return value|
|inStream_dout      |   in|    8|     ap_fifo|              inStream|       pointer|
|inStream_empty_n   |   in|    1|     ap_fifo|              inStream|       pointer|
|inStream_read      |  out|    1|     ap_fifo|              inStream|       pointer|
|TempStream_din     |  out|    8|     ap_fifo|            TempStream|       pointer|
|TempStream_full_n  |   in|    1|     ap_fifo|            TempStream|       pointer|
|TempStream_write   |  out|    1|     ap_fifo|            TempStream|       pointer|
+-------------------+-----+-----+------------+----------------------+--------------+

